<?xml version="1.0" encoding="UTF-8"?>
<!-- Generated by org.testng.reporters.JUnitReportReporter -->
<testsuite hostname="LAPTOP-LBKTQD0G" failures="0" tests="1" name="testpkg.PreOrderPageTest" time="5.617" errors="0" timestamp="2024-03-13T20:43:35 IST" skipped="0">
  <testcase classname="testpkg.PreOrderPageTest" name="preorderTest" time="5.617"/>
</testsuite> <!-- testpkg.PreOrderPageTest -->
