<?xml version="1.0" encoding="UTF-8"?>
<!-- Generated by org.testng.reporters.JUnitReportReporter -->
<testsuite hostname="LAPTOP-LBKTQD0G" failures="0" tests="3" name="testpkg.CrossBrowzerTest" time="308.018" errors="0" timestamp="2024-03-11T19:30:30 IST" skipped="0">
  <testcase classname="testpkg.CrossBrowzerTest" name="crossBrowzerTest" time="88.677"/>
  <testcase classname="testpkg.CrossBrowzerTest" name="crossBrowzerTest" time="94.606"/>
  <testcase classname="testpkg.CrossBrowzerTest" name="crossBrowzerTest" time="124.735"/>
</testsuite> <!-- testpkg.CrossBrowzerTest -->
