<?xml version="1.0" encoding="UTF-8"?>
<!-- Generated by org.testng.reporters.JUnitReportReporter -->
<testsuite hostname="LAPTOP-LBKTQD0G" failures="0" tests="1" name="testpkg.AboutPageTest" time="1.956" errors="0" timestamp="2024-03-13T13:25:48 IST" skipped="0">
  <testcase classname="testpkg.AboutPageTest" name="aboutTest" time="1.956"/>
</testsuite> <!-- testpkg.AboutPageTest -->
