<?xml version="1.0" encoding="UTF-8"?>
<!-- Generated by org.testng.reporters.JUnitReportReporter -->
<testsuite hostname="LAPTOP-LBKTQD0G" failures="0" tests="1" name="testpkg.LogoReemzTest" time="5.274" errors="0" timestamp="2024-03-11T13:50:57 IST" skipped="0">
  <testcase classname="testpkg.LogoReemzTest" name="logotest" time="5.274"/>
</testsuite> <!-- testpkg.LogoReemzTest -->
